<?xml version="1.0" encoding="UTF-8"?>
<testng-results skipped="0" failed="0" ignored="0" total="12" passed="12">
  <reporter-output>
  </reporter-output>
  <suite name="Suite" duration-ms="236284" started-at="2021-11-22T22:23:15 IST" finished-at="2021-11-22T22:27:11 IST">
    <groups>
    </groups>
    <test name="Test" duration-ms="236284" started-at="2021-11-22T22:23:15 IST" finished-at="2021-11-22T22:27:11 IST">
      <class name="com.mindtree.runner.BigSmall">
        <test-method status="PASS" signature="homePageLanding()[pri:1, instance:com.mindtree.runner.BigSmall@2286778]" name="homePageLanding" duration-ms="50574" started-at="2021-11-22T22:23:15 IST" finished-at="2021-11-22T22:24:05 IST">
          <reporter-output>
          </reporter-output>
        </test-method> <!-- homePageLanding -->
        <test-method status="PASS" signature="signInTesting(java.lang.String, java.lang.String)[pri:2, instance:com.mindtree.runner.BigSmall@2286778]" name="signInTesting" duration-ms="18712" started-at="2021-11-22T22:24:08 IST" data-provider="dataSuplier" finished-at="2021-11-22T22:24:27 IST">
          <params>
            <param index="0">
              <value>
                <![CDATA[]]>
              </value>
            </param>
            <param index="1">
              <value>
                <![CDATA[]]>
              </value>
            </param>
          </params>
          <reporter-output>
          </reporter-output>
        </test-method> <!-- signInTesting -->
        <test-method status="PASS" signature="signInTesting(java.lang.String, java.lang.String)[pri:2, instance:com.mindtree.runner.BigSmall@2286778]" name="signInTesting" duration-ms="11750" started-at="2021-11-22T22:24:27 IST" data-provider="dataSuplier" finished-at="2021-11-22T22:24:39 IST">
          <params>
            <param index="0">
              <value>
                <![CDATA[simon@123]]>
              </value>
            </param>
            <param index="1">
              <value>
                <![CDATA[abcd]]>
              </value>
            </param>
          </params>
          <reporter-output>
          </reporter-output>
        </test-method> <!-- signInTesting -->
        <test-method status="PASS" signature="signInTesting(java.lang.String, java.lang.String)[pri:2, instance:com.mindtree.runner.BigSmall@2286778]" name="signInTesting" duration-ms="8746" started-at="2021-11-22T22:24:39 IST" data-provider="dataSuplier" finished-at="2021-11-22T22:24:48 IST">
          <params>
            <param index="0">
              <value>
                <![CDATA[JackNJill@gmail.com]]>
              </value>
            </param>
            <param index="1">
              <value>
                <![CDATA[JackNJill@123]]>
              </value>
            </param>
          </params>
          <reporter-output>
          </reporter-output>
        </test-method> <!-- signInTesting -->
        <test-method status="PASS" signature="PersonalizedGift()[pri:3, instance:com.mindtree.runner.BigSmall@2286778]" name="PersonalizedGift" duration-ms="12381" started-at="2021-11-22T22:24:50 IST" finished-at="2021-11-22T22:25:02 IST">
          <reporter-output>
          </reporter-output>
        </test-method> <!-- PersonalizedGift -->
        <test-method status="PASS" signature="shopBtCategory()[pri:3, instance:com.mindtree.runner.BigSmall@2286778]" name="shopBtCategory" duration-ms="18269" started-at="2021-11-22T22:25:03 IST" finished-at="2021-11-22T22:25:21 IST">
          <reporter-output>
          </reporter-output>
        </test-method> <!-- shopBtCategory -->
        <test-method status="PASS" signature="searchProduct()[pri:4, instance:com.mindtree.runner.BigSmall@2286778]" name="searchProduct" duration-ms="11798" started-at="2021-11-22T22:25:56 IST" finished-at="2021-11-22T22:26:08 IST">
          <reporter-output>
          </reporter-output>
        </test-method> <!-- searchProduct -->
        <test-method status="PASS" signature="ChristmasGift()[pri:5, instance:com.mindtree.runner.BigSmall@2286778]" name="ChristmasGift" duration-ms="34510" started-at="2021-11-22T22:26:08 IST" finished-at="2021-11-22T22:26:42 IST">
          <reporter-output>
          </reporter-output>
        </test-method> <!-- ChristmasGift -->
        <test-method status="PASS" signature="AllofIt()[pri:7, instance:com.mindtree.runner.BigSmall@2286778]" name="AllofIt" duration-ms="7390" started-at="2021-11-22T22:26:43 IST" finished-at="2021-11-22T22:26:50 IST">
          <reporter-output>
          </reporter-output>
        </test-method> <!-- AllofIt -->
        <test-method status="PASS" signature="Wishlist()[pri:8, instance:com.mindtree.runner.BigSmall@2286778]" name="Wishlist" duration-ms="8547" started-at="2021-11-22T22:26:50 IST" finished-at="2021-11-22T22:26:59 IST">
          <reporter-output>
          </reporter-output>
        </test-method> <!-- Wishlist -->
        <test-method status="PASS" signature="AboutUs()[pri:9, instance:com.mindtree.runner.BigSmall@2286778]" name="AboutUs" duration-ms="3143" started-at="2021-11-22T22:26:59 IST" finished-at="2021-11-22T22:27:02 IST">
          <reporter-output>
          </reporter-output>
        </test-method> <!-- AboutUs -->
        <test-method status="PASS" signature="GiftCard()[pri:10, instance:com.mindtree.runner.BigSmall@2286778]" name="GiftCard" duration-ms="4911" started-at="2021-11-22T22:27:03 IST" finished-at="2021-11-22T22:27:08 IST">
          <reporter-output>
          </reporter-output>
        </test-method> <!-- GiftCard -->
        <test-method status="PASS" signature="closeDriver()[pri:0, instance:com.mindtree.runner.BigSmall@2286778]" name="closeDriver" is-config="true" duration-ms="3273" started-at="2021-11-22T22:27:08 IST" finished-at="2021-11-22T22:27:11 IST">
          <reporter-output>
          </reporter-output>
        </test-method> <!-- closeDriver -->
      </class> <!-- com.mindtree.runner.BigSmall -->
    </test> <!-- Test -->
  </suite> <!-- Suite -->
</testng-results>
