<?xml version="1.0" encoding="UTF-8"?>
<testsuite xmlns:xsi="http://www.w3.org/2001/XMLSchema-instance" xsi:schemaLocation="https://maven.apache.org/surefire/maven-surefire-plugin/xsd/surefire-test-report.xsd" name="TestSuite" time="244.393" tests="12" errors="0" skipped="0" failures="0">
  <properties>
[...]
</properties>
  <testcase name="homePageLanding" classname="com.mindtree.runner.BigSmall" time="53.611"/>
  <testcase name="signInTesting" classname="com.mindtree.runner.BigSmall" time="18.884"/>
  <testcase name="signInTesting" classname="com.mindtree.runner.BigSmall" time="11.866"/>
  <testcase name="signInTesting" classname="com.mindtree.runner.BigSmall" time="10.38"/>
  <testcase name="PersonalizedGift" classname="com.mindtree.runner.BigSmall" time="12.891"/>
  <testcase name="shopBtCategory" classname="com.mindtree.runner.BigSmall" time="53.363"/>
  <testcase name="searchProduct" classname="com.mindtree.runner.BigSmall" time="12.006"/>
  <testcase name="ChristmasGift" classname="com.mindtree.runner.BigSmall" time="34.665"/>
  <testcase name="AllofIt" classname="com.mindtree.runner.BigSmall" time="7.864"/>
  <testcase name="Wishlist" classname="com.mindtree.runner.BigSmall" time="8.762"/>
  <testcase name="AboutUs" classname="com.mindtree.runner.BigSmall" time="3.432"/>
  <testcase name="GiftCard" classname="com.mindtree.runner.BigSmall" time="5.086"/>
</testsuite>