<?xml version="1.0" encoding="UTF-8"?>
<testng-results skipped="0" failed="1" ignored="0" total="12" passed="11">
  <reporter-output>
  </reporter-output>
  <suite name="Suite" duration-ms="166032" started-at="2021-11-22T22:12:39 IST" finished-at="2021-11-22T22:15:25 IST">
    <groups>
    </groups>
    <test name="Test" duration-ms="166032" started-at="2021-11-22T22:12:39 IST" finished-at="2021-11-22T22:15:25 IST">
      <class name="com.mindtree.runner.BigSmall">
        <test-method status="PASS" signature="homePageLanding()[pri:1, instance:com.mindtree.runner.BigSmall@2286778]" name="homePageLanding" duration-ms="23181" started-at="2021-11-22T22:12:39 IST" finished-at="2021-11-22T22:13:03 IST">
          <reporter-output>
          </reporter-output>
        </test-method> <!-- homePageLanding -->
        <test-method status="PASS" signature="signInTesting(java.lang.String, java.lang.String)[pri:2, instance:com.mindtree.runner.BigSmall@2286778]" name="signInTesting" duration-ms="12567" started-at="2021-11-22T22:13:06 IST" data-provider="dataSuplier" finished-at="2021-11-22T22:13:18 IST">
          <params>
            <param index="0">
              <value>
                <![CDATA[]]>
              </value>
            </param>
            <param index="1">
              <value>
                <![CDATA[]]>
              </value>
            </param>
          </params>
          <reporter-output>
          </reporter-output>
        </test-method> <!-- signInTesting -->
        <test-method status="PASS" signature="signInTesting(java.lang.String, java.lang.String)[pri:2, instance:com.mindtree.runner.BigSmall@2286778]" name="signInTesting" duration-ms="13154" started-at="2021-11-22T22:13:18 IST" data-provider="dataSuplier" finished-at="2021-11-22T22:13:32 IST">
          <params>
            <param index="0">
              <value>
                <![CDATA[simon@123]]>
              </value>
            </param>
            <param index="1">
              <value>
                <![CDATA[abcd]]>
              </value>
            </param>
          </params>
          <reporter-output>
          </reporter-output>
        </test-method> <!-- signInTesting -->
        <test-method status="PASS" signature="signInTesting(java.lang.String, java.lang.String)[pri:2, instance:com.mindtree.runner.BigSmall@2286778]" name="signInTesting" duration-ms="8066" started-at="2021-11-22T22:13:32 IST" data-provider="dataSuplier" finished-at="2021-11-22T22:13:40 IST">
          <params>
            <param index="0">
              <value>
                <![CDATA[JackNJill@gmail.com]]>
              </value>
            </param>
            <param index="1">
              <value>
                <![CDATA[JackNJill@123]]>
              </value>
            </param>
          </params>
          <reporter-output>
          </reporter-output>
        </test-method> <!-- signInTesting -->
        <test-method status="PASS" signature="PersonalizedGift()[pri:3, instance:com.mindtree.runner.BigSmall@2286778]" name="PersonalizedGift" duration-ms="8463" started-at="2021-11-22T22:13:40 IST" finished-at="2021-11-22T22:13:48 IST">
          <reporter-output>
          </reporter-output>
        </test-method> <!-- PersonalizedGift -->
        <test-method status="FAIL" signature="shopBtCategory()[pri:3, instance:com.mindtree.runner.BigSmall@2286778]" name="shopBtCategory" duration-ms="27245" started-at="2021-11-22T22:13:49 IST" finished-at="2021-11-22T22:14:16 IST">
          <exception class="org.openqa.selenium.NoSuchElementException">
            <message>
              <![CDATA[no such element: Unable to locate element: {"method":"xpath","selector":"//*[@class='swym-view-history']"}
  (Session info: chrome=96.0.4664.45)
For documentation on this error, please visit: http://seleniumhq.org/exceptions/no_such_element.html
Build info: version: '3.141.5', revision: 'd54ebd709a', time: '2018-11-06T11:42:16'
System info: host: 'DESKTOP-8U65DTJ', ip: '192.168.1.5', os.name: 'Windows 10', os.arch: 'amd64', os.version: '10.0', java.version: '1.8.0_301'
Driver info: org.openqa.selenium.chrome.ChromeDriver
Capabilities {acceptInsecureCerts: false, browserName: chrome, browserVersion: 96.0.4664.45, chrome: {chromedriverVersion: 96.0.4664.45 (76e4c1bb2ab46..., userDataDir: C:\Users\DELL-PC\AppData\Lo...}, goog:chromeOptions: {debuggerAddress: localhost:53555}, javascriptEnabled: true, networkConnectionEnabled: false, pageLoadStrategy: normal, platform: WINDOWS, platformName: WINDOWS, proxy: Proxy(), setWindowRect: true, strictFileInteractability: false, timeouts: {implicit: 0, pageLoad: 300000, script: 30000}, unhandledPromptBehavior: dismiss and notify, webauthn:extension:credBlob: true, webauthn:extension:largeBlob: true, webauthn:virtualAuthenticators: true}
Session ID: 7d1c515324474b3a4bdf5796e94c0564
*** Element info: {Using=xpath, value=//*[@class='swym-view-history']}]]>
            </message>
            <full-stacktrace>
              <![CDATA[org.openqa.selenium.NoSuchElementException: no such element: Unable to locate element: {"method":"xpath","selector":"//*[@class='swym-view-history']"}
  (Session info: chrome=96.0.4664.45)
For documentation on this error, please visit: http://seleniumhq.org/exceptions/no_such_element.html
Build info: version: '3.141.5', revision: 'd54ebd709a', time: '2018-11-06T11:42:16'
System info: host: 'DESKTOP-8U65DTJ', ip: '192.168.1.5', os.name: 'Windows 10', os.arch: 'amd64', os.version: '10.0', java.version: '1.8.0_301'
Driver info: org.openqa.selenium.chrome.ChromeDriver
Capabilities {acceptInsecureCerts: false, browserName: chrome, browserVersion: 96.0.4664.45, chrome: {chromedriverVersion: 96.0.4664.45 (76e4c1bb2ab46..., userDataDir: C:\Users\DELL-PC\AppData\Lo...}, goog:chromeOptions: {debuggerAddress: localhost:53555}, javascriptEnabled: true, networkConnectionEnabled: false, pageLoadStrategy: normal, platform: WINDOWS, platformName: WINDOWS, proxy: Proxy(), setWindowRect: true, strictFileInteractability: false, timeouts: {implicit: 0, pageLoad: 300000, script: 30000}, unhandledPromptBehavior: dismiss and notify, webauthn:extension:credBlob: true, webauthn:extension:largeBlob: true, webauthn:virtualAuthenticators: true}
Session ID: 7d1c515324474b3a4bdf5796e94c0564
*** Element info: {Using=xpath, value=//*[@class='swym-view-history']}
at sun.reflect.NativeConstructorAccessorImpl.newInstance0(Native Method)
at sun.reflect.NativeConstructorAccessorImpl.newInstance(NativeConstructorAccessorImpl.java:62)
at sun.reflect.DelegatingConstructorAccessorImpl.newInstance(DelegatingConstructorAccessorImpl.java:45)
at java.lang.reflect.Constructor.newInstance(Constructor.java:423)
at org.openqa.selenium.remote.http.W3CHttpResponseCodec.createException(W3CHttpResponseCodec.java:187)
at org.openqa.selenium.remote.http.W3CHttpResponseCodec.decode(W3CHttpResponseCodec.java:122)
at org.openqa.selenium.remote.http.W3CHttpResponseCodec.decode(W3CHttpResponseCodec.java:49)
at org.openqa.selenium.remote.HttpCommandExecutor.execute(HttpCommandExecutor.java:158)
at org.openqa.selenium.remote.service.DriverCommandExecutor.execute(DriverCommandExecutor.java:83)
at org.openqa.selenium.remote.RemoteWebDriver.execute(RemoteWebDriver.java:552)
at org.openqa.selenium.remote.RemoteWebDriver.findElement(RemoteWebDriver.java:323)
at org.openqa.selenium.remote.RemoteWebDriver.findElementByXPath(RemoteWebDriver.java:428)
at org.openqa.selenium.By$ByXPath.findElement(By.java:353)
at org.openqa.selenium.remote.RemoteWebDriver.findElement(RemoteWebDriver.java:315)
at com.mindtree.pageObjects.ShopByCategoryPage.viewWishList(ShopByCategoryPage.java:38)
at com.mindtree.runner.BigSmall.shopBtCategory(BigSmall.java:225)
at sun.reflect.NativeMethodAccessorImpl.invoke0(Native Method)
at sun.reflect.NativeMethodAccessorImpl.invoke(NativeMethodAccessorImpl.java:62)
at sun.reflect.DelegatingMethodAccessorImpl.invoke(DelegatingMethodAccessorImpl.java:43)
at java.lang.reflect.Method.invoke(Method.java:498)
at org.testng.internal.MethodInvocationHelper.invokeMethod(MethodInvocationHelper.java:133)
at org.testng.internal.TestInvoker.invokeMethod(TestInvoker.java:584)
at org.testng.internal.TestInvoker.invokeTestMethod(TestInvoker.java:172)
at org.testng.internal.MethodRunner.runInSequence(MethodRunner.java:46)
at org.testng.internal.TestInvoker$MethodInvocationAgent.invoke(TestInvoker.java:804)
at org.testng.internal.TestInvoker.invokeTestMethods(TestInvoker.java:145)
at org.testng.internal.TestMethodWorker.invokeTestMethods(TestMethodWorker.java:146)
at org.testng.internal.TestMethodWorker.run(TestMethodWorker.java:128)
at java.util.ArrayList.forEach(ArrayList.java:1259)
at org.testng.TestRunner.privateRun(TestRunner.java:770)
at org.testng.TestRunner.run(TestRunner.java:591)
at org.testng.SuiteRunner.runTest(SuiteRunner.java:402)
at org.testng.SuiteRunner.runSequentially(SuiteRunner.java:396)
at org.testng.SuiteRunner.privateRun(SuiteRunner.java:355)
at org.testng.SuiteRunner.run(SuiteRunner.java:304)
at org.testng.SuiteRunnerWorker.runSuite(SuiteRunnerWorker.java:53)
at org.testng.SuiteRunnerWorker.run(SuiteRunnerWorker.java:96)
at org.testng.TestNG.runSuitesSequentially(TestNG.java:1180)
at org.testng.TestNG.runSuitesLocally(TestNG.java:1102)
at org.testng.TestNG.runSuites(TestNG.java:1032)
at org.testng.TestNG.run(TestNG.java:1000)
at org.apache.maven.surefire.testng.TestNGExecutor.run(TestNGExecutor.java:281)
at org.apache.maven.surefire.testng.TestNGXmlTestSuite.execute(TestNGXmlTestSuite.java:75)
at org.apache.maven.surefire.testng.TestNGProvider.invoke(TestNGProvider.java:121)
at org.apache.maven.surefire.booter.ForkedBooter.invokeProviderInSameClassLoader(ForkedBooter.java:290)
at org.apache.maven.surefire.booter.ForkedBooter.runSuitesInProcess(ForkedBooter.java:242)
at org.apache.maven.surefire.booter.ForkedBooter.main(ForkedBooter.java:121)
]]>
            </full-stacktrace>
          </exception> <!-- org.openqa.selenium.NoSuchElementException -->
          <reporter-output>
          </reporter-output>
        </test-method> <!-- shopBtCategory -->
        <test-method status="PASS" signature="searchProduct()[pri:4, instance:com.mindtree.runner.BigSmall@2286778]" name="searchProduct" duration-ms="13149" started-at="2021-11-22T22:14:17 IST" finished-at="2021-11-22T22:14:30 IST">
          <reporter-output>
          </reporter-output>
        </test-method> <!-- searchProduct -->
        <test-method status="PASS" signature="ChristmasGift()[pri:5, instance:com.mindtree.runner.BigSmall@2286778]" name="ChristmasGift" duration-ms="29557" started-at="2021-11-22T22:14:30 IST" finished-at="2021-11-22T22:14:59 IST">
          <reporter-output>
          </reporter-output>
        </test-method> <!-- ChristmasGift -->
        <test-method status="PASS" signature="AllofIt()[pri:7, instance:com.mindtree.runner.BigSmall@2286778]" name="AllofIt" duration-ms="5328" started-at="2021-11-22T22:15:00 IST" finished-at="2021-11-22T22:15:06 IST">
          <reporter-output>
          </reporter-output>
        </test-method> <!-- AllofIt -->
        <test-method status="PASS" signature="Wishlist()[pri:8, instance:com.mindtree.runner.BigSmall@2286778]" name="Wishlist" duration-ms="8349" started-at="2021-11-22T22:15:06 IST" finished-at="2021-11-22T22:15:14 IST">
          <reporter-output>
          </reporter-output>
        </test-method> <!-- Wishlist -->
        <test-method status="PASS" signature="AboutUs()[pri:9, instance:com.mindtree.runner.BigSmall@2286778]" name="AboutUs" duration-ms="3530" started-at="2021-11-22T22:15:15 IST" finished-at="2021-11-22T22:15:18 IST">
          <reporter-output>
          </reporter-output>
        </test-method> <!-- AboutUs -->
        <test-method status="PASS" signature="GiftCard()[pri:10, instance:com.mindtree.runner.BigSmall@2286778]" name="GiftCard" duration-ms="5504" started-at="2021-11-22T22:15:18 IST" finished-at="2021-11-22T22:15:24 IST">
          <reporter-output>
          </reporter-output>
        </test-method> <!-- GiftCard -->
        <test-method status="PASS" signature="closeDriver()[pri:0, instance:com.mindtree.runner.BigSmall@2286778]" name="closeDriver" is-config="true" duration-ms="1358" started-at="2021-11-22T22:15:24 IST" finished-at="2021-11-22T22:15:25 IST">
          <reporter-output>
          </reporter-output>
        </test-method> <!-- closeDriver -->
      </class> <!-- com.mindtree.runner.BigSmall -->
    </test> <!-- Test -->
  </suite> <!-- Suite -->
</testng-results>
