<?xml version="1.0" encoding="UTF-8"?>
<testsuite xmlns:xsi="http://www.w3.org/2001/XMLSchema-instance" xsi:schemaLocation="https://maven.apache.org/surefire/maven-surefire-plugin/xsd/surefire-test-report.xsd" name="TestSuite" time="170.664" tests="12" errors="0" skipped="0" failures="1">
  <properties>
[...]
</properties>
  <testcase name="homePageLanding" classname="com.mindtree.runner.BigSmall" time="26.098"/>
  <testcase name="signInTesting" classname="com.mindtree.runner.BigSmall" time="12.775"/>
  <testcase name="signInTesting" classname="com.mindtree.runner.BigSmall" time="13.364"/>
  <testcase name="signInTesting" classname="com.mindtree.runner.BigSmall" time="8.188"/>
  <testcase name="PersonalizedGift" classname="com.mindtree.runner.BigSmall" time="9.028"/>
  <testcase name="shopBtCategory" classname="com.mindtree.runner.BigSmall" time="27.557">
    <failure message="no such element: Unable to locate element: {&quot;method&quot;:&quot;xpath&quot;,&quot;selector&quot;:&quot;//*[@class=&apos;swym-view-history&apos;]&quot;}&#10;  (Session info: chrome=96.0.4664.45)&#10;For documentation on this error, please visit: http://seleniumhq.org/exceptions/no_such_element.html&#10;Build info: version: &apos;3.141.5&apos;, revision: &apos;d54ebd709a&apos;, time: &apos;2018-11-06T11:42:16&apos;&#10;System info: host: &apos;DESKTOP-8U65DTJ&apos;, ip: &apos;192.168.1.5&apos;, os.name: &apos;Windows 10&apos;, os.arch: &apos;amd64&apos;, os.version: &apos;10.0&apos;, java.version: &apos;1.8.0_301&apos;&#10;Driver info: org.openqa.selenium.chrome.ChromeDriver&#10;Capabilities {acceptInsecureCerts: false, browserName: chrome, browserVersion: 96.0.4664.45, chrome: {chromedriverVersion: 96.0.4664.45 (76e4c1bb2ab46..., userDataDir: C:\Users\DELL-PC\AppData\Lo...}, goog:chromeOptions: {debuggerAddress: localhost:53555}, javascriptEnabled: true, networkConnectionEnabled: false, pageLoadStrategy: normal, platform: WINDOWS, platformName: WINDOWS, proxy: Proxy(), setWindowRect: true, strictFileInteractability: false, timeouts: {implicit: 0, pageLoad: 300000, script: 30000}, unhandledPromptBehavior: dismiss and notify, webauthn:extension:credBlob: true, webauthn:extension:largeBlob: true, webauthn:virtualAuthenticators: true}&#10;Session ID: 7d1c515324474b3a4bdf5796e94c0564&#10;*** Element info: {Using=xpath, value=//*[@class=&apos;swym-view-history&apos;]}" type="org.openqa.selenium.NoSuchElementException">org.openqa.selenium.NoSuchElementException: 
no such element: Unable to locate element: {"method":"xpath","selector":"//*[@class='swym-view-history']"}
  (Session info: chrome=96.0.4664.45)
For documentation on this error, please visit: http://seleniumhq.org/exceptions/no_such_element.html
Build info: version: '3.141.5', revision: 'd54ebd709a', time: '2018-11-06T11:42:16'
System info: host: 'DESKTOP-8U65DTJ', ip: '192.168.1.5', os.name: 'Windows 10', os.arch: 'amd64', os.version: '10.0', java.version: '1.8.0_301'
Driver info: org.openqa.selenium.chrome.ChromeDriver
Capabilities {acceptInsecureCerts: false, browserName: chrome, browserVersion: 96.0.4664.45, chrome: {chromedriverVersion: 96.0.4664.45 (76e4c1bb2ab46..., userDataDir: C:\Users\DELL-PC\AppData\Lo...}, goog:chromeOptions: {debuggerAddress: localhost:53555}, javascriptEnabled: true, networkConnectionEnabled: false, pageLoadStrategy: normal, platform: WINDOWS, platformName: WINDOWS, proxy: Proxy(), setWindowRect: true, strictFileInteractability: false, timeouts: {implicit: 0, pageLoad: 300000, script: 30000}, unhandledPromptBehavior: dismiss and notify, webauthn:extension:credBlob: true, webauthn:extension:largeBlob: true, webauthn:virtualAuthenticators: true}
Session ID: 7d1c515324474b3a4bdf5796e94c0564
*** Element info: {Using=xpath, value=//*[@class='swym-view-history']}
	at com.mindtree.runner.BigSmall.shopBtCategory(BigSmall.java:225)
</failure>
    <system-out><![CDATA[ChromeDriver: chrome on WINDOWS (7d1c515324474b3a4bdf5796e94c0564)
ScreenShot takken
]]></system-out>
  </testcase>
  <testcase name="searchProduct" classname="com.mindtree.runner.BigSmall" time="13.33"/>
  <testcase name="ChristmasGift" classname="com.mindtree.runner.BigSmall" time="30.432"/>
  <testcase name="AllofIt" classname="com.mindtree.runner.BigSmall" time="5.859"/>
  <testcase name="Wishlist" classname="com.mindtree.runner.BigSmall" time="8.53"/>
  <testcase name="AboutUs" classname="com.mindtree.runner.BigSmall" time="3.787"/>
  <testcase name="GiftCard" classname="com.mindtree.runner.BigSmall" time="5.666"/>
</testsuite>