<?xml version="1.0" encoding="UTF-8"?>
<!-- Generated by org.testng.reporters.JUnitXMLReporter -->
<testsuite ignored="0" hostname="DESKTOP-8U65DTJ" failures="0" tests="12" name="Default test" time="277.162" errors="0" timestamp="2021-11-16T18:32:13 IST">
  <testcase classname="com.mindtree.runner.BigSmall" name="homePageLanding" time="72.365"/>
  <testcase classname="com.mindtree.runner.BigSmall" name="signInTesting" time="30.24"/>
  <testcase classname="com.mindtree.runner.BigSmall" name="signInTesting" time="13.092"/>
  <testcase classname="com.mindtree.runner.BigSmall" name="signInTesting" time="7.625"/>
  <testcase classname="com.mindtree.runner.BigSmall" name="PersonalizedGift" time="10.156"/>
  <testcase classname="com.mindtree.runner.BigSmall" name="shopBtCategory" time="22.663"/>
  <testcase classname="com.mindtree.runner.BigSmall" name="searchProduct" time="16.549"/>
  <testcase classname="com.mindtree.runner.BigSmall" name="ChristmasGift" time="71.475"/>
  <testcase classname="com.mindtree.runner.BigSmall" name="AllofIt" time="8.82"/>
  <testcase classname="com.mindtree.runner.BigSmall" name="Wishlist" time="9.9"/>
  <testcase classname="com.mindtree.runner.BigSmall" name="AboutUs" time="4.576"/>
  <testcase classname="com.mindtree.runner.BigSmall" name="GiftCard" time="9.428"/>
</testsuite> <!-- Default test -->
