<?xml version="1.0" encoding="UTF-8"?>
<testng-results ignored="0" total="13" passed="13" failed="0" skipped="0">
  <reporter-output>
  </reporter-output>
  <suite started-at="2021-11-21T23:32:16 IST" name="Suite" finished-at="2021-11-21T23:35:03 IST" duration-ms="167078">
    <groups>
      <group name="cucumber">
        <method signature="AbstractTestNGCucumberTests.runScenario(io.cucumber.testng.PickleWrapper,io.cucumber.testng.FeatureWrapper)[pri:0, instance:runnerBDD.BigSmallRunner@43dac38f]" name="runScenario" class="io.cucumber.testng.AbstractTestNGCucumberTests"/>
      </group> <!-- cucumber -->
    </groups>
    <test started-at="2021-11-21T23:32:16 IST" name="Test" finished-at="2021-11-21T23:35:03 IST" duration-ms="167078">
      <class name="runnerBDD.BigSmallRunner">
        <test-method is-config="true" signature="setUpClass(org.testng.ITestContext)[pri:0, instance:runnerBDD.BigSmallRunner@43dac38f]" started-at="2021-11-21T23:32:16 IST" name="setUpClass" finished-at="2021-11-21T23:32:17 IST" duration-ms="672" status="PASS">
          <params>
            <param index="0">
              <value>
                <![CDATA[org.testng.TestRunner@47311277]]>
              </value>
            </param>
          </params>
          <reporter-output>
          </reporter-output>
        </test-method> <!-- setUpClass -->
        <test-method signature="runScenario(io.cucumber.testng.PickleWrapper,io.cucumber.testng.FeatureWrapper)[pri:0, instance:runnerBDD.BigSmallRunner@43dac38f]" started-at="2021-11-21T23:32:17 IST" name="runScenario" description="Runs Cucumber Scenarios" data-provider="scenarios" finished-at="2021-11-21T23:32:40 IST" duration-ms="22714" status="PASS">
          <params>
            <param index="0">
              <value>
                <![CDATA["Opening the Browser and hitting the url"]]>
              </value>
            </param>
            <param index="1">
              <value>
                <![CDATA["Optional[Landing on webpage]"]]>
              </value>
            </param>
          </params>
          <reporter-output>
          </reporter-output>
        </test-method> <!-- runScenario -->
        <test-method signature="runScenario(io.cucumber.testng.PickleWrapper,io.cucumber.testng.FeatureWrapper)[pri:0, instance:runnerBDD.BigSmallRunner@43dac38f]" started-at="2021-11-21T23:32:42 IST" name="runScenario" description="Runs Cucumber Scenarios" data-provider="scenarios" finished-at="2021-11-21T23:32:54 IST" duration-ms="11574" status="PASS">
          <params>
            <param index="0">
              <value>
                <![CDATA["User is Signing In"]]>
              </value>
            </param>
            <param index="1">
              <value>
                <![CDATA["Optional[Sign In]"]]>
              </value>
            </param>
          </params>
          <reporter-output>
          </reporter-output>
        </test-method> <!-- runScenario -->
        <test-method signature="runScenario(io.cucumber.testng.PickleWrapper,io.cucumber.testng.FeatureWrapper)[pri:0, instance:runnerBDD.BigSmallRunner@43dac38f]" started-at="2021-11-21T23:32:55 IST" name="runScenario" description="Runs Cucumber Scenarios" data-provider="scenarios" finished-at="2021-11-21T23:32:58 IST" duration-ms="2893" status="PASS">
          <params>
            <param index="0">
              <value>
                <![CDATA["User is Signing In"]]>
              </value>
            </param>
            <param index="1">
              <value>
                <![CDATA["Optional[Sign In]"]]>
              </value>
            </param>
          </params>
          <reporter-output>
          </reporter-output>
        </test-method> <!-- runScenario -->
        <test-method signature="runScenario(io.cucumber.testng.PickleWrapper,io.cucumber.testng.FeatureWrapper)[pri:0, instance:runnerBDD.BigSmallRunner@43dac38f]" started-at="2021-11-21T23:32:58 IST" name="runScenario" description="Runs Cucumber Scenarios" data-provider="scenarios" finished-at="2021-11-21T23:33:04 IST" duration-ms="6608" status="PASS">
          <params>
            <param index="0">
              <value>
                <![CDATA["User is Signing In"]]>
              </value>
            </param>
            <param index="1">
              <value>
                <![CDATA["Optional[Sign In]"]]>
              </value>
            </param>
          </params>
          <reporter-output>
          </reporter-output>
        </test-method> <!-- runScenario -->
        <test-method signature="runScenario(io.cucumber.testng.PickleWrapper,io.cucumber.testng.FeatureWrapper)[pri:0, instance:runnerBDD.BigSmallRunner@43dac38f]" started-at="2021-11-21T23:33:05 IST" name="runScenario" description="Runs Cucumber Scenarios" data-provider="scenarios" finished-at="2021-11-21T23:33:14 IST" duration-ms="9619" status="PASS">
          <params>
            <param index="0">
              <value>
                <![CDATA["Exploring the Personalized Gift section"]]>
              </value>
            </param>
            <param index="1">
              <value>
                <![CDATA["Optional[Explore]"]]>
              </value>
            </param>
          </params>
          <reporter-output>
          </reporter-output>
        </test-method> <!-- runScenario -->
        <test-method signature="runScenario(io.cucumber.testng.PickleWrapper,io.cucumber.testng.FeatureWrapper)[pri:0, instance:runnerBDD.BigSmallRunner@43dac38f]" started-at="2021-11-21T23:33:15 IST" name="runScenario" description="Runs Cucumber Scenarios" data-provider="scenarios" finished-at="2021-11-21T23:33:28 IST" duration-ms="13284" status="PASS">
          <params>
            <param index="0">
              <value>
                <![CDATA["Exploring by searching a product"]]>
              </value>
            </param>
            <param index="1">
              <value>
                <![CDATA["Optional[Exploring]"]]>
              </value>
            </param>
          </params>
          <reporter-output>
          </reporter-output>
        </test-method> <!-- runScenario -->
        <test-method signature="runScenario(io.cucumber.testng.PickleWrapper,io.cucumber.testng.FeatureWrapper)[pri:0, instance:runnerBDD.BigSmallRunner@43dac38f]" started-at="2021-11-21T23:33:29 IST" name="runScenario" description="Runs Cucumber Scenarios" data-provider="scenarios" finished-at="2021-11-21T23:34:21 IST" duration-ms="52930" status="PASS">
          <params>
            <param index="0">
              <value>
                <![CDATA["Exploring the Christmas Gifts section"]]>
              </value>
            </param>
            <param index="1">
              <value>
                <![CDATA["Optional[Explore]"]]>
              </value>
            </param>
          </params>
          <reporter-output>
          </reporter-output>
        </test-method> <!-- runScenario -->
        <test-method signature="runScenario(io.cucumber.testng.PickleWrapper,io.cucumber.testng.FeatureWrapper)[pri:0, instance:runnerBDD.BigSmallRunner@43dac38f]" started-at="2021-11-21T23:34:22 IST" name="runScenario" description="Runs Cucumber Scenarios" data-provider="scenarios" finished-at="2021-11-21T23:34:36 IST" duration-ms="14777" status="PASS">
          <params>
            <param index="0">
              <value>
                <![CDATA["Exploring the Shop By Category section"]]>
              </value>
            </param>
            <param index="1">
              <value>
                <![CDATA["Optional[Explore]"]]>
              </value>
            </param>
          </params>
          <reporter-output>
          </reporter-output>
        </test-method> <!-- runScenario -->
        <test-method signature="runScenario(io.cucumber.testng.PickleWrapper,io.cucumber.testng.FeatureWrapper)[pri:0, instance:runnerBDD.BigSmallRunner@43dac38f]" started-at="2021-11-21T23:34:37 IST" name="runScenario" description="Runs Cucumber Scenarios" data-provider="scenarios" finished-at="2021-11-21T23:34:43 IST" duration-ms="6050" status="PASS">
          <params>
            <param index="0">
              <value>
                <![CDATA["Exploring the AllOfIt section of the Web site"]]>
              </value>
            </param>
            <param index="1">
              <value>
                <![CDATA["Optional[Explore]"]]>
              </value>
            </param>
          </params>
          <reporter-output>
          </reporter-output>
        </test-method> <!-- runScenario -->
        <test-method signature="runScenario(io.cucumber.testng.PickleWrapper,io.cucumber.testng.FeatureWrapper)[pri:0, instance:runnerBDD.BigSmallRunner@43dac38f]" started-at="2021-11-21T23:34:43 IST" name="runScenario" description="Runs Cucumber Scenarios" data-provider="scenarios" finished-at="2021-11-21T23:34:51 IST" duration-ms="7884" status="PASS">
          <params>
            <param index="0">
              <value>
                <![CDATA["Checking the Wishlist"]]>
              </value>
            </param>
            <param index="1">
              <value>
                <![CDATA["Optional[WishList]"]]>
              </value>
            </param>
          </params>
          <reporter-output>
          </reporter-output>
        </test-method> <!-- runScenario -->
        <test-method signature="runScenario(io.cucumber.testng.PickleWrapper,io.cucumber.testng.FeatureWrapper)[pri:0, instance:runnerBDD.BigSmallRunner@43dac38f]" started-at="2021-11-21T23:34:51 IST" name="runScenario" description="Runs Cucumber Scenarios" data-provider="scenarios" finished-at="2021-11-21T23:34:54 IST" duration-ms="2804" status="PASS">
          <params>
            <param index="0">
              <value>
                <![CDATA["Going to About Us section in the web page"]]>
              </value>
            </param>
            <param index="1">
              <value>
                <![CDATA["Optional[About US]"]]>
              </value>
            </param>
          </params>
          <reporter-output>
          </reporter-output>
        </test-method> <!-- runScenario -->
        <test-method signature="runScenario(io.cucumber.testng.PickleWrapper,io.cucumber.testng.FeatureWrapper)[pri:0, instance:runnerBDD.BigSmallRunner@43dac38f]" started-at="2021-11-21T23:34:54 IST" name="runScenario" description="Runs Cucumber Scenarios" data-provider="scenarios" finished-at="2021-11-21T23:34:59 IST" duration-ms="4948" status="PASS">
          <params>
            <param index="0">
              <value>
                <![CDATA["Adding the Gift Card"]]>
              </value>
            </param>
            <param index="1">
              <value>
                <![CDATA["Optional[Gidt Card]"]]>
              </value>
            </param>
          </params>
          <reporter-output>
          </reporter-output>
        </test-method> <!-- runScenario -->
        <test-method signature="runScenario(io.cucumber.testng.PickleWrapper,io.cucumber.testng.FeatureWrapper)[pri:0, instance:runnerBDD.BigSmallRunner@43dac38f]" started-at="2021-11-21T23:34:59 IST" name="runScenario" description="Runs Cucumber Scenarios" data-provider="scenarios" finished-at="2021-11-21T23:35:03 IST" duration-ms="3812" status="PASS">
          <params>
            <param index="0">
              <value>
                <![CDATA["Testing the Contact us"]]>
              </value>
            </param>
            <param index="1">
              <value>
                <![CDATA["Optional[Contact us]"]]>
              </value>
            </param>
          </params>
          <reporter-output>
          </reporter-output>
        </test-method> <!-- runScenario -->
        <test-method is-config="true" signature="tearDownClass()[pri:0, instance:runnerBDD.BigSmallRunner@43dac38f]" started-at="2021-11-21T23:35:03 IST" name="tearDownClass" finished-at="2021-11-21T23:35:03 IST" duration-ms="73" status="PASS">
          <reporter-output>
          </reporter-output>
        </test-method> <!-- tearDownClass -->
      </class> <!-- runnerBDD.BigSmallRunner -->
    </test> <!-- Test -->
  </suite> <!-- Suite -->
</testng-results>
