<?xml version="1.0" encoding="UTF-8"?>
<!-- Generated by org.testng.reporters.JUnitXMLReporter -->
<testsuite hostname="DESKTOP-8U65DTJ" ignored="0" name="Test" tests="12" failures="0" timestamp="2021-11-22T22:27:12 IST" time="236.284" errors="0">
  <testcase name="homePageLanding" time="50.574" classname="com.mindtree.runner.BigSmall"/>
  <testcase name="signInTesting" time="18.712" classname="com.mindtree.runner.BigSmall"/>
  <testcase name="signInTesting" time="11.75" classname="com.mindtree.runner.BigSmall"/>
  <testcase name="signInTesting" time="8.746" classname="com.mindtree.runner.BigSmall"/>
  <testcase name="PersonalizedGift" time="12.381" classname="com.mindtree.runner.BigSmall"/>
  <testcase name="shopBtCategory" time="18.269" classname="com.mindtree.runner.BigSmall"/>
  <testcase name="searchProduct" time="11.798" classname="com.mindtree.runner.BigSmall"/>
  <testcase name="ChristmasGift" time="34.51" classname="com.mindtree.runner.BigSmall"/>
  <testcase name="AllofIt" time="7.39" classname="com.mindtree.runner.BigSmall"/>
  <testcase name="Wishlist" time="8.547" classname="com.mindtree.runner.BigSmall"/>
  <testcase name="AboutUs" time="3.143" classname="com.mindtree.runner.BigSmall"/>
  <testcase name="GiftCard" time="4.911" classname="com.mindtree.runner.BigSmall"/>
</testsuite> <!-- Test -->
